app/build/intermediates/manifest_merge_blame_file/googleRelease/manifest-merger-blame-google-release-report.txt
1<?xml version="1.0" encoding="utf-8"?>
2<manifest xmlns:android="http://schemas.android.com/apk/res/android"
3    package="in.csias.tcclient"
4    android:versionCode="85"
5    android:versionName="6.24" >
6
7    <uses-sdk
8        android:minSdkVersion="19"
9        android:targetSdkVersion="31" />
10
11    <uses-permission android:name="android.permission.ACCESS_COARSE_LOCATION" />
11-->src/main/AndroidManifest.xml:6:5-81
11-->src/main/AndroidManifest.xml:6:22-78
12    <uses-permission android:name="android.permission.ACCESS_FINE_LOCATION" />
12-->src/main/AndroidManifest.xml:7:5-79
12-->src/main/AndroidManifest.xml:7:22-76
13    <uses-permission android:name="android.permission.ACCESS_BACKGROUND_LOCATION" />
13-->src/main/AndroidManifest.xml:8:5-85
13-->src/main/AndroidManifest.xml:8:22-82
14    <uses-permission android:name="android.permission.INTERNET" />
14-->src/main/AndroidManifest.xml:9:5-67
14-->src/main/AndroidManifest.xml:9:22-64
15    <uses-permission android:name="android.permission.ACCESS_NETWORK_STATE" />
15-->src/main/AndroidManifest.xml:10:5-79
15-->src/main/AndroidManifest.xml:10:22-76
16    <uses-permission android:name="android.permission.RECEIVE_BOOT_COMPLETED" />
16-->src/main/AndroidManifest.xml:11:5-81
16-->src/main/AndroidManifest.xml:11:22-78
17    <uses-permission android:name="android.permission.WAKE_LOCK" />
17-->src/main/AndroidManifest.xml:12:5-68
17-->src/main/AndroidManifest.xml:12:22-65
18    <uses-permission android:name="android.permission.FOREGROUND_SERVICE" />
18-->src/main/AndroidManifest.xml:13:5-77
18-->src/main/AndroidManifest.xml:13:22-74
19    <uses-permission android:name="com.android.launcher.permission.INSTALL_SHORTCUT" />
19-->src/main/AndroidManifest.xml:14:5-88
19-->src/main/AndroidManifest.xml:14:22-85
20    <uses-permission android:name="oppo.permission.OPPO_COMPONENT_SAFE" />
20-->src/main/AndroidManifest.xml:15:5-75
20-->src/main/AndroidManifest.xml:15:22-72
21    <uses-permission android:name="com.huawei.permission.external_app_settings.USE_COMPONENT" />
21-->src/main/AndroidManifest.xml:16:5-97
21-->src/main/AndroidManifest.xml:16:22-94
22
23    <uses-feature android:name="android.hardware.location.network" />
23-->src/main/AndroidManifest.xml:18:5-70
23-->src/main/AndroidManifest.xml:18:19-67
24    <uses-feature android:name="android.hardware.location.gps" /> <!-- Required by older versions of Google Play services to create IID tokens -->
24-->src/main/AndroidManifest.xml:19:5-66
24-->src/main/AndroidManifest.xml:19:19-63
25    <uses-permission android:name="com.google.android.c2dm.permission.RECEIVE" />
25-->[com.google.firebase:firebase-messaging:23.0.4] AndroidManifest.xml:28:5-82
25-->[com.google.firebase:firebase-messaging:23.0.4] AndroidManifest.xml:28:22-79
26    <!--
27        <uses-permission
28        android:name="android.permission.QUERY_ALL_PACKAGES"
29        tools:ignore="QueryAllPackagesPermission" />
30    -->
31    <queries>
31-->[com.github.judemanutd:autostarter:1.1.0] AndroidManifest.xml:16:5-30:15
32        <package android:name="com.miui.securitycenter" />
32-->[com.github.judemanutd:autostarter:1.1.0] AndroidManifest.xml:17:9-59
32-->[com.github.judemanutd:autostarter:1.1.0] AndroidManifest.xml:17:18-56
33        <package android:name="com.miui.permcenter" />
33-->[com.github.judemanutd:autostarter:1.1.0] AndroidManifest.xml:18:9-55
33-->[com.github.judemanutd:autostarter:1.1.0] AndroidManifest.xml:18:18-52
34        <package android:name="com.letv.android.letvsafe" />
34-->[com.github.judemanutd:autostarter:1.1.0] AndroidManifest.xml:19:9-61
34-->[com.github.judemanutd:autostarter:1.1.0] AndroidManifest.xml:19:18-58
35        <package android:name="com.asus.mobilemanager" />
35-->[com.github.judemanutd:autostarter:1.1.0] AndroidManifest.xml:20:9-58
35-->[com.github.judemanutd:autostarter:1.1.0] AndroidManifest.xml:20:18-55
36        <package android:name="com.huawei.systemmanager" />
36-->[com.github.judemanutd:autostarter:1.1.0] AndroidManifest.xml:21:9-60
36-->[com.github.judemanutd:autostarter:1.1.0] AndroidManifest.xml:21:18-57
37        <package android:name="com.coloros.safecenter" />
37-->[com.github.judemanutd:autostarter:1.1.0] AndroidManifest.xml:22:9-58
37-->[com.github.judemanutd:autostarter:1.1.0] AndroidManifest.xml:22:18-55
38        <package android:name="com.oppo.safe" />
38-->[com.github.judemanutd:autostarter:1.1.0] AndroidManifest.xml:23:9-49
38-->[com.github.judemanutd:autostarter:1.1.0] AndroidManifest.xml:23:18-46
39        <package android:name="com.iqoo.secure" />
39-->[com.github.judemanutd:autostarter:1.1.0] AndroidManifest.xml:24:9-51
39-->[com.github.judemanutd:autostarter:1.1.0] AndroidManifest.xml:24:18-48
40        <package android:name="com.vivo.permissionmanager" />
40-->[com.github.judemanutd:autostarter:1.1.0] AndroidManifest.xml:25:9-62
40-->[com.github.judemanutd:autostarter:1.1.0] AndroidManifest.xml:25:18-59
41        <package android:name="com.evenwell.powersaving" />
41-->[com.github.judemanutd:autostarter:1.1.0] AndroidManifest.xml:26:9-60
41-->[com.github.judemanutd:autostarter:1.1.0] AndroidManifest.xml:26:18-57
42        <package android:name="com.samsung.android" />
42-->[com.github.judemanutd:autostarter:1.1.0] AndroidManifest.xml:27:9-55
42-->[com.github.judemanutd:autostarter:1.1.0] AndroidManifest.xml:27:18-52
43        <package android:name="com.oneplus" />
43-->[com.github.judemanutd:autostarter:1.1.0] AndroidManifest.xml:28:9-47
43-->[com.github.judemanutd:autostarter:1.1.0] AndroidManifest.xml:28:18-44
44        <package android:name="com.android.settings" />
44-->[com.github.judemanutd:autostarter:1.1.0] AndroidManifest.xml:29:9-56
44-->[com.github.judemanutd:autostarter:1.1.0] AndroidManifest.xml:29:18-53
45    </queries>
46
47    <uses-permission android:name="com.google.android.gms.permission.AD_ID" />
47-->[com.google.android.gms:play-services-measurement-api:21.0.0] AndroidManifest.xml:25:5-79
47-->[com.google.android.gms:play-services-measurement-api:21.0.0] AndroidManifest.xml:25:22-76
48    <uses-permission android:name="android.permission.REORDER_TASKS" />
48-->[androidx.test:core:1.4.0] AndroidManifest.xml:24:5-72
48-->[androidx.test:core:1.4.0] AndroidManifest.xml:24:22-69
49    <uses-permission android:name="com.google.android.finsky.permission.BIND_GET_INSTALL_REFERRER_SERVICE" />
49-->[com.google.android.gms:play-services-measurement:21.0.0] AndroidManifest.xml:26:5-110
49-->[com.google.android.gms:play-services-measurement:21.0.0] AndroidManifest.xml:26:22-107
50
51    <application
51-->src/main/AndroidManifest.xml:21:5-113:19
52        android:name="in.csias.tcclient.MainApplication"
52-->src/main/AndroidManifest.xml:22:9-40
53        android:allowBackup="true"
53-->src/main/AndroidManifest.xml:23:9-35
54        android:appComponentFactory="androidx.core.app.CoreComponentFactory"
54-->[androidx.core:core:1.7.0] AndroidManifest.xml:24:18-86
55        android:icon="@mipmap/ic_launcher"
55-->src/main/AndroidManifest.xml:24:9-43
56        android:label="@string/app_name"
56-->src/main/AndroidManifest.xml:25:9-41
57        android:networkSecurityConfig="@xml/network_security_config"
57-->src/main/AndroidManifest.xml:26:9-69
58        android:theme="@style/AppTheme" >
58-->src/main/AndroidManifest.xml:27:9-40
59        <activity
59-->src/main/AndroidManifest.xml:29:9-31:40
60            android:name="in.csias.tcclient.allcountryotp.MainOtpActivity"
60-->src/main/AndroidManifest.xml:30:13-58
61            android:exported="false" />
61-->src/main/AndroidManifest.xml:31:13-37
62        <activity
62-->src/main/AndroidManifest.xml:32:9-34:40
63            android:name="in.csias.tcclient.allcountryotp.LoginActivity"
63-->src/main/AndroidManifest.xml:33:13-56
64            android:exported="false" />
64-->src/main/AndroidManifest.xml:34:13-37
65        <activity
65-->src/main/AndroidManifest.xml:35:9-37:40
66            android:name="in.csias.tcclient.otp.OtpActivity"
66-->src/main/AndroidManifest.xml:36:13-44
67            android:exported="false" />
67-->src/main/AndroidManifest.xml:37:13-37
68        <activity
68-->src/main/AndroidManifest.xml:38:9-40:40
69            android:name="in.csias.tcclient.otp.NumberActivity"
69-->src/main/AndroidManifest.xml:39:13-47
70            android:exported="false" />
70-->src/main/AndroidManifest.xml:40:13-37
71        <activity
71-->src/main/AndroidManifest.xml:41:9-43:40
72            android:name="in.csias.tcclient.AuthActivity"
72-->src/main/AndroidManifest.xml:42:13-41
73            android:exported="false" />
73-->src/main/AndroidManifest.xml:43:13-37
74
75        <meta-data
75-->src/main/AndroidManifest.xml:45:9-47:37
76            android:name="google_analytics_adid_collection_enabled"
76-->src/main/AndroidManifest.xml:46:13-68
77            android:value="false" />
77-->src/main/AndroidManifest.xml:47:13-34
78
79        <activity
79-->src/main/AndroidManifest.xml:49:9-52:47
80            android:name="in.csias.tcclient.MainActivity"
80-->src/main/AndroidManifest.xml:50:13-41
81            android:exported="true"
81-->src/main/AndroidManifest.xml:51:13-36
82            android:launchMode="singleTask" />
82-->src/main/AndroidManifest.xml:52:13-44
83        <activity
83-->src/main/AndroidManifest.xml:53:9-55:39
84            android:name="in.csias.tcclient.Privacy"
84-->src/main/AndroidManifest.xml:54:13-36
85            android:exported="true" />
85-->src/main/AndroidManifest.xml:55:13-36
86        <activity
86-->src/main/AndroidManifest.xml:56:9-69:20
87            android:name="in.csias.tcclient.SplashScreenActivity"
87-->src/main/AndroidManifest.xml:57:13-49
88            android:exported="true"
88-->src/main/AndroidManifest.xml:58:13-36
89            android:theme="@style/Theme.AppCompat.Light.NoActionBar" >
89-->src/main/AndroidManifest.xml:59:13-69
90            <intent-filter>
90-->src/main/AndroidManifest.xml:60:13-64:29
91                <action android:name="android.intent.action.MAIN" />
91-->src/main/AndroidManifest.xml:61:17-69
91-->src/main/AndroidManifest.xml:61:25-66
92
93                <category android:name="android.intent.category.LAUNCHER" />
93-->src/main/AndroidManifest.xml:63:17-77
93-->src/main/AndroidManifest.xml:63:27-74
94            </intent-filter>
95
96            <meta-data
96-->src/main/AndroidManifest.xml:66:13-68:53
97                android:name="android.app.shortcuts"
97-->src/main/AndroidManifest.xml:67:17-53
98                android:resource="@xml/shortcuts" />
98-->src/main/AndroidManifest.xml:68:17-50
99        </activity>
100        <activity
100-->src/main/AndroidManifest.xml:70:9-72:40
101            android:name="in.csias.tcclient.StatusActivity"
101-->src/main/AndroidManifest.xml:71:13-43
102            android:exported="false" />
102-->src/main/AndroidManifest.xml:72:13-37
103        <activity
103-->src/main/AndroidManifest.xml:73:9-81:20
104            android:name="in.csias.tcclient.ShortcutActivity"
104-->src/main/AndroidManifest.xml:74:13-45
105            android:exported="true"
105-->src/main/AndroidManifest.xml:75:13-36
106            android:label="@string/menu_shortcuts" >
106-->src/main/AndroidManifest.xml:76:13-51
107            <intent-filter>
107-->src/main/AndroidManifest.xml:77:13-80:29
108                <action android:name="android.intent.action.MAIN" />
108-->src/main/AndroidManifest.xml:61:17-69
108-->src/main/AndroidManifest.xml:61:25-66
109                <action android:name="android.intent.action.CREATE_SHORTCUT" />
109-->src/main/AndroidManifest.xml:79:17-80
109-->src/main/AndroidManifest.xml:79:25-77
110            </intent-filter>
111        </activity>
112
113        <service
113-->src/main/AndroidManifest.xml:83:9-86:56
114            android:name="in.csias.tcclient.TrackingService"
114-->src/main/AndroidManifest.xml:84:13-44
115            android:exported="false"
115-->src/main/AndroidManifest.xml:85:13-37
116            android:foregroundServiceType="location" />
116-->src/main/AndroidManifest.xml:86:13-53
117        <service
117-->src/main/AndroidManifest.xml:87:9-89:40
118            android:name="in.csias.tcclient.TrackingService$HideNotificationService"
118-->src/main/AndroidManifest.xml:88:13-68
119            android:exported="false" />
119-->src/main/AndroidManifest.xml:89:13-37
120
121        <receiver
121-->src/main/AndroidManifest.xml:91:9-100:20
122            android:name="in.csias.tcclient.AutostartReceiver"
122-->src/main/AndroidManifest.xml:92:13-46
123            android:exported="true" >
123-->src/main/AndroidManifest.xml:93:13-36
124            <intent-filter>
124-->src/main/AndroidManifest.xml:94:13-96:29
125                <action android:name="android.intent.action.BOOT_COMPLETED" />
125-->src/main/AndroidManifest.xml:95:17-79
125-->src/main/AndroidManifest.xml:95:25-76
126            </intent-filter>
127            <intent-filter>
127-->src/main/AndroidManifest.xml:97:13-99:29
128                <action android:name="android.intent.action.MY_PACKAGE_REPLACED" />
128-->src/main/AndroidManifest.xml:98:17-84
128-->src/main/AndroidManifest.xml:98:25-81
129            </intent-filter>
130        </receiver>
131
132        <meta-data
132-->src/main/AndroidManifest.xml:102:9-104:63
133            android:name="com.google.firebase.messaging.default_notification_channel_id"
133-->src/main/AndroidManifest.xml:103:13-89
134            android:value="@string/notification_channel_id" />
134-->src/main/AndroidManifest.xml:104:13-60
135
136        <service
136-->src/main/AndroidManifest.xml:106:9-112:19
137            android:name="in.csias.tcclient.ManagerMessagingService"
137-->src/main/AndroidManifest.xml:107:13-52
138            android:exported="false" >
138-->src/main/AndroidManifest.xml:108:13-37
139            <intent-filter>
139-->src/main/AndroidManifest.xml:109:13-111:29
140                <action android:name="com.google.firebase.MESSAGING_EVENT" />
140-->src/main/AndroidManifest.xml:110:17-78
140-->src/main/AndroidManifest.xml:110:25-75
141            </intent-filter>
142        </service>
143        <service
143-->[com.google.firebase:firebase-messaging-ktx:23.0.4] AndroidManifest.xml:26:9-32:19
144            android:name="com.google.firebase.components.ComponentDiscoveryService"
144-->[com.google.firebase:firebase-messaging-ktx:23.0.4] AndroidManifest.xml:27:13-84
145            android:directBootAware="true"
145-->[com.google.firebase:firebase-common:20.1.1] AndroidManifest.xml:35:13-43
146            android:exported="false" >
146-->[com.google.firebase:firebase-messaging-ktx:23.0.4] AndroidManifest.xml:28:13-37
147            <meta-data
147-->[com.google.firebase:firebase-messaging-ktx:23.0.4] AndroidManifest.xml:29:13-31:85
148                android:name="com.google.firebase.components:com.google.firebase.messaging.ktx.FirebaseMessagingKtxRegistrar"
148-->[com.google.firebase:firebase-messaging-ktx:23.0.4] AndroidManifest.xml:30:17-126
149                android:value="com.google.firebase.components.ComponentRegistrar" />
149-->[com.google.firebase:firebase-messaging-ktx:23.0.4] AndroidManifest.xml:31:17-82
150            <meta-data
150-->[com.google.firebase:firebase-messaging:23.0.4] AndroidManifest.xml:55:13-57:85
151                android:name="com.google.firebase.components:com.google.firebase.messaging.FirebaseMessagingRegistrar"
151-->[com.google.firebase:firebase-messaging:23.0.4] AndroidManifest.xml:56:17-119
152                android:value="com.google.firebase.components.ComponentRegistrar" />
152-->[com.google.firebase:firebase-messaging:23.0.4] AndroidManifest.xml:57:17-82
153            <meta-data
153-->[com.google.firebase:firebase-auth-ktx:21.0.4] AndroidManifest.xml:11:13-13:85
154                android:name="com.google.firebase.components:com.google.firebase.auth.ktx.FirebaseAuthKtxRegistrar"
154-->[com.google.firebase:firebase-auth-ktx:21.0.4] AndroidManifest.xml:12:17-116
155                android:value="com.google.firebase.components.ComponentRegistrar" />
155-->[com.google.firebase:firebase-auth-ktx:21.0.4] AndroidManifest.xml:13:17-82
156            <meta-data
156-->[com.google.firebase:firebase-common-ktx:20.1.1] AndroidManifest.xml:15:13-17:85
157                android:name="com.google.firebase.components:com.google.firebase.ktx.FirebaseCommonKtxRegistrar"
157-->[com.google.firebase:firebase-common-ktx:20.1.1] AndroidManifest.xml:16:17-113
158                android:value="com.google.firebase.components.ComponentRegistrar" />
158-->[com.google.firebase:firebase-common-ktx:20.1.1] AndroidManifest.xml:17:17-82
159            <meta-data
159-->[com.google.firebase:firebase-auth:21.0.4] AndroidManifest.xml:67:13-69:85
160                android:name="com.google.firebase.components:com.google.firebase.auth.FirebaseAuthRegistrar"
160-->[com.google.firebase:firebase-auth:21.0.4] AndroidManifest.xml:68:17-109
161                android:value="com.google.firebase.components.ComponentRegistrar" />
161-->[com.google.firebase:firebase-auth:21.0.4] AndroidManifest.xml:69:17-82
162            <meta-data
162-->[com.google.android.gms:play-services-measurement-api:21.0.0] AndroidManifest.xml:31:13-33:85
163                android:name="com.google.firebase.components:com.google.firebase.analytics.connector.internal.AnalyticsConnectorRegistrar"
163-->[com.google.android.gms:play-services-measurement-api:21.0.0] AndroidManifest.xml:32:17-139
164                android:value="com.google.firebase.components.ComponentRegistrar" />
164-->[com.google.android.gms:play-services-measurement-api:21.0.0] AndroidManifest.xml:33:17-82
165            <meta-data
165-->[com.google.firebase:firebase-datatransport:18.1.3] AndroidManifest.xml:28:13-30:85
166                android:name="com.google.firebase.components:com.google.firebase.datatransport.TransportRegistrar"
166-->[com.google.firebase:firebase-datatransport:18.1.3] AndroidManifest.xml:29:17-115
167                android:value="com.google.firebase.components.ComponentRegistrar" />
167-->[com.google.firebase:firebase-datatransport:18.1.3] AndroidManifest.xml:30:17-82
168            <meta-data
168-->[com.google.firebase:firebase-installations:17.0.1] AndroidManifest.xml:18:13-20:85
169                android:name="com.google.firebase.components:com.google.firebase.installations.FirebaseInstallationsRegistrar"
169-->[com.google.firebase:firebase-installations:17.0.1] AndroidManifest.xml:19:17-127
170                android:value="com.google.firebase.components.ComponentRegistrar" />
170-->[com.google.firebase:firebase-installations:17.0.1] AndroidManifest.xml:20:17-82
171        </service>
172
173        <receiver
173-->[com.google.firebase:firebase-messaging:23.0.4] AndroidManifest.xml:31:9-38:20
174            android:name="com.google.firebase.iid.FirebaseInstanceIdReceiver"
174-->[com.google.firebase:firebase-messaging:23.0.4] AndroidManifest.xml:32:13-78
175            android:exported="true"
175-->[com.google.firebase:firebase-messaging:23.0.4] AndroidManifest.xml:33:13-36
176            android:permission="com.google.android.c2dm.permission.SEND" >
176-->[com.google.firebase:firebase-messaging:23.0.4] AndroidManifest.xml:34:13-73
177            <intent-filter>
177-->[com.google.firebase:firebase-messaging:23.0.4] AndroidManifest.xml:35:13-37:29
178                <action android:name="com.google.android.c2dm.intent.RECEIVE" />
178-->[com.google.firebase:firebase-messaging:23.0.4] AndroidManifest.xml:36:17-81
178-->[com.google.firebase:firebase-messaging:23.0.4] AndroidManifest.xml:36:25-78
179            </intent-filter>
180        </receiver>
181        <!--
182             FirebaseMessagingService performs security checks at runtime,
183             but set to not exported to explicitly avoid allowing another app to call it.
184        -->
185        <service
185-->[com.google.firebase:firebase-messaging:23.0.4] AndroidManifest.xml:44:9-51:19
186            android:name="com.google.firebase.messaging.FirebaseMessagingService"
186-->[com.google.firebase:firebase-messaging:23.0.4] AndroidManifest.xml:45:13-82
187            android:directBootAware="true"
187-->[com.google.firebase:firebase-messaging:23.0.4] AndroidManifest.xml:46:13-43
188            android:exported="false" >
188-->[com.google.firebase:firebase-messaging:23.0.4] AndroidManifest.xml:47:13-37
189            <intent-filter android:priority="-500" >
189-->src/main/AndroidManifest.xml:109:13-111:29
190                <action android:name="com.google.firebase.MESSAGING_EVENT" />
190-->src/main/AndroidManifest.xml:110:17-78
190-->src/main/AndroidManifest.xml:110:25-75
191            </intent-filter>
192        </service> <!-- The activities will be merged into the manifest of the hosting app. -->
193        <activity
193-->[com.google.android.play:core:1.10.3] AndroidManifest.xml:18:9-24:45
194            android:name="com.google.android.play.core.missingsplits.PlayCoreMissingSplitsActivity"
194-->[com.google.android.play:core:1.10.3] AndroidManifest.xml:19:13-100
195            android:enabled="false"
195-->[com.google.android.play:core:1.10.3] AndroidManifest.xml:20:13-36
196            android:exported="false"
196-->[com.google.android.play:core:1.10.3] AndroidManifest.xml:21:13-37
197            android:launchMode="singleInstance"
197-->[com.google.android.play:core:1.10.3] AndroidManifest.xml:22:13-48
198            android:process=":playcore_missing_splits_activity"
198-->[com.google.android.play:core:1.10.3] AndroidManifest.xml:23:13-64
199            android:stateNotNeeded="true" />
199-->[com.google.android.play:core:1.10.3] AndroidManifest.xml:24:13-42
200        <activity
200-->[com.google.android.play:core:1.10.3] AndroidManifest.xml:25:9-29:65
201            android:name="com.google.android.play.core.common.PlayCoreDialogWrapperActivity"
201-->[com.google.android.play:core:1.10.3] AndroidManifest.xml:26:13-93
202            android:exported="false"
202-->[com.google.android.play:core:1.10.3] AndroidManifest.xml:27:13-37
203            android:stateNotNeeded="true"
203-->[com.google.android.play:core:1.10.3] AndroidManifest.xml:28:13-42
204            android:theme="@style/Theme.PlayCore.Transparent" /> <!-- The services will be merged into the manifest of the hosting app. -->
204-->[com.google.android.play:core:1.10.3] AndroidManifest.xml:29:13-62
205        <service
205-->[com.google.android.play:core:1.10.3] AndroidManifest.xml:32:9-39:19
206            android:name="com.google.android.play.core.assetpacks.AssetPackExtractionService"
206-->[com.google.android.play:core:1.10.3] AndroidManifest.xml:33:13-94
207            android:enabled="false"
207-->[com.google.android.play:core:1.10.3] AndroidManifest.xml:34:13-36
208            android:exported="true" >
208-->[com.google.android.play:core:1.10.3] AndroidManifest.xml:35:13-36
209            <meta-data
209-->[com.google.android.play:core:1.10.3] AndroidManifest.xml:36:13-38:41
210                android:name="com.google.android.play.core.assetpacks.versionCode"
210-->[com.google.android.play:core:1.10.3] AndroidManifest.xml:37:17-83
211                android:value="11003" />
211-->[com.google.android.play:core:1.10.3] AndroidManifest.xml:38:17-38
212        </service>
213        <service
213-->[com.google.android.play:core:1.10.3] AndroidManifest.xml:40:9-43:40
214            android:name="com.google.android.play.core.assetpacks.ExtractionForegroundService"
214-->[com.google.android.play:core:1.10.3] AndroidManifest.xml:41:13-95
215            android:enabled="false"
215-->[com.google.android.play:core:1.10.3] AndroidManifest.xml:42:13-36
216            android:exported="false" />
216-->[com.google.android.play:core:1.10.3] AndroidManifest.xml:43:13-37
217
218        <activity
218-->[dev.doubledot.doki:library:0.0.1] AndroidManifest.xml:14:9-16:72
219            android:name="dev.doubledot.doki.ui.DokiActivity"
219-->[dev.doubledot.doki:library:0.0.1] AndroidManifest.xml:15:13-62
220            android:theme="@style/Theme.AppCompat.Light.NoActionBar" />
220-->[dev.doubledot.doki:library:0.0.1] AndroidManifest.xml:16:13-69
221        <activity
221-->[com.google.firebase:firebase-auth:21.0.4] AndroidManifest.xml:27:9-44:20
222            android:name="com.google.firebase.auth.internal.GenericIdpActivity"
222-->[com.google.firebase:firebase-auth:21.0.4] AndroidManifest.xml:28:13-80
223            android:excludeFromRecents="true"
223-->[com.google.firebase:firebase-auth:21.0.4] AndroidManifest.xml:29:13-46
224            android:exported="true"
224-->[com.google.firebase:firebase-auth:21.0.4] AndroidManifest.xml:30:13-36
225            android:launchMode="singleTask"
225-->[com.google.firebase:firebase-auth:21.0.4] AndroidManifest.xml:31:13-44
226            android:theme="@android:style/Theme.Translucent.NoTitleBar" >
226-->[com.google.firebase:firebase-auth:21.0.4] AndroidManifest.xml:32:13-72
227            <intent-filter>
227-->[com.google.firebase:firebase-auth:21.0.4] AndroidManifest.xml:33:13-43:29
228                <action android:name="android.intent.action.VIEW" />
228-->[com.google.firebase:firebase-auth:21.0.4] AndroidManifest.xml:34:17-69
228-->[com.google.firebase:firebase-auth:21.0.4] AndroidManifest.xml:34:25-66
229
230                <category android:name="android.intent.category.DEFAULT" />
230-->[com.google.firebase:firebase-auth:21.0.4] AndroidManifest.xml:36:17-76
230-->[com.google.firebase:firebase-auth:21.0.4] AndroidManifest.xml:36:27-73
231                <category android:name="android.intent.category.BROWSABLE" />
231-->[com.google.firebase:firebase-auth:21.0.4] AndroidManifest.xml:37:17-78
231-->[com.google.firebase:firebase-auth:21.0.4] AndroidManifest.xml:37:27-75
232
233                <data
233-->[com.google.firebase:firebase-auth:21.0.4] AndroidManifest.xml:39:17-42:51
234                    android:host="firebase.auth"
234-->[com.google.firebase:firebase-auth:21.0.4] AndroidManifest.xml:40:21-49
235                    android:path="/"
235-->[com.google.firebase:firebase-auth:21.0.4] AndroidManifest.xml:41:21-37
236                    android:scheme="genericidp" />
236-->[com.google.firebase:firebase-auth:21.0.4] AndroidManifest.xml:42:21-48
237            </intent-filter>
238        </activity>
239        <activity
239-->[com.google.firebase:firebase-auth:21.0.4] AndroidManifest.xml:45:9-62:20
240            android:name="com.google.firebase.auth.internal.RecaptchaActivity"
240-->[com.google.firebase:firebase-auth:21.0.4] AndroidManifest.xml:46:13-79
241            android:excludeFromRecents="true"
241-->[com.google.firebase:firebase-auth:21.0.4] AndroidManifest.xml:47:13-46
242            android:exported="true"
242-->[com.google.firebase:firebase-auth:21.0.4] AndroidManifest.xml:48:13-36
243            android:launchMode="singleTask"
243-->[com.google.firebase:firebase-auth:21.0.4] AndroidManifest.xml:49:13-44
244            android:theme="@android:style/Theme.Translucent.NoTitleBar" >
244-->[com.google.firebase:firebase-auth:21.0.4] AndroidManifest.xml:50:13-72
245            <intent-filter>
245-->[com.google.firebase:firebase-auth:21.0.4] AndroidManifest.xml:51:13-61:29
246                <action android:name="android.intent.action.VIEW" />
246-->[com.google.firebase:firebase-auth:21.0.4] AndroidManifest.xml:34:17-69
246-->[com.google.firebase:firebase-auth:21.0.4] AndroidManifest.xml:34:25-66
247
248                <category android:name="android.intent.category.DEFAULT" />
248-->[com.google.firebase:firebase-auth:21.0.4] AndroidManifest.xml:36:17-76
248-->[com.google.firebase:firebase-auth:21.0.4] AndroidManifest.xml:36:27-73
249                <category android:name="android.intent.category.BROWSABLE" />
249-->[com.google.firebase:firebase-auth:21.0.4] AndroidManifest.xml:37:17-78
249-->[com.google.firebase:firebase-auth:21.0.4] AndroidManifest.xml:37:27-75
250
251                <data
251-->[com.google.firebase:firebase-auth:21.0.4] AndroidManifest.xml:39:17-42:51
252                    android:host="firebase.auth"
252-->[com.google.firebase:firebase-auth:21.0.4] AndroidManifest.xml:40:21-49
253                    android:path="/"
253-->[com.google.firebase:firebase-auth:21.0.4] AndroidManifest.xml:41:21-37
254                    android:scheme="recaptcha" />
254-->[com.google.firebase:firebase-auth:21.0.4] AndroidManifest.xml:42:21-48
255            </intent-filter>
256        </activity>
257
258        <uses-library
258-->[androidx.window:window:1.0.0] AndroidManifest.xml:25:9-27:40
259            android:name="androidx.window.extensions"
259-->[androidx.window:window:1.0.0] AndroidManifest.xml:26:13-54
260            android:required="false" />
260-->[androidx.window:window:1.0.0] AndroidManifest.xml:27:13-37
261        <uses-library
261-->[androidx.window:window:1.0.0] AndroidManifest.xml:28:9-30:40
262            android:name="androidx.window.sidecar"
262-->[androidx.window:window:1.0.0] AndroidManifest.xml:29:13-51
263            android:required="false" />
263-->[androidx.window:window:1.0.0] AndroidManifest.xml:30:13-37
264
265        <service
265-->[com.google.android.datatransport:transport-backend-cct:3.1.4] AndroidManifest.xml:29:9-35:19
266            android:name="com.google.android.datatransport.runtime.backends.TransportBackendDiscovery"
266-->[com.google.android.datatransport:transport-backend-cct:3.1.4] AndroidManifest.xml:30:13-103
267            android:exported="false" >
267-->[com.google.android.datatransport:transport-backend-cct:3.1.4] AndroidManifest.xml:31:13-37
268            <meta-data
268-->[com.google.android.datatransport:transport-backend-cct:3.1.4] AndroidManifest.xml:32:13-34:39
269                android:name="backend:com.google.android.datatransport.cct.CctBackendFactory"
269-->[com.google.android.datatransport:transport-backend-cct:3.1.4] AndroidManifest.xml:33:17-94
270                android:value="cct" />
270-->[com.google.android.datatransport:transport-backend-cct:3.1.4] AndroidManifest.xml:34:17-36
271        </service>
272        <service